============================= test session starts =============================
platform win32 -- Python 3.14.3, pytest-9.0.3, pluggy-1.6.0 -- C:\Python314\python.exe
cachedir: .pytest_cache
rootdir: D:\stem\pySTEMtc
configfile: pyproject.toml
testpaths: tests
collecting ... collected 146 items

tests/test_float_discipline.py::test_no_banned_numpy_reductions_in_src PASSED [  0%]
tests/test_golden.py::test_golden_profiletable[c01_guillemin_core] PASSED [  1%]
tests/test_golden.py::test_golden_profiletable[c02_t0fixed] PASSED       [  2%]
tests/test_golden.py::test_golden_profiletable[c03_lognorm] PASSED       [  2%]
tests/test_golden.py::test_golden_profiletable[c04_add0] PASSED          [  3%]
tests/test_golden.py::test_golden_profiletable[c05_fdr] PASSED           [  4%]
tests/test_golden.py::test_golden_profiletable[c06_nocorr] PASSED        [  4%]
tests/test_golden.py::test_golden_profiletable[c07_sameperiod] PASSED    [  5%]
tests/test_golden.py::test_golden_profiletable[c08_norepeat] PASSED      [  6%]
tests/test_golden.py::test_golden_profiletable[c09_synth6] PASSED        [  6%]
tests/test_golden.py::test_golden_profiletable[c10_synth6_allperms] PASSED [  7%]
tests/test_golden.py::test_golden_profiletable[c11_synth10] PASSED       [  8%]
tests/test_golden.py::test_golden_profiletable[c12_percentile] PASSED    [  8%]
tests/test_golden.py::test_golden_profiletable[c13_synth10_missing] PASSED [  9%]
tests/test_golden.py::test_golden_profiletable[c14_log_missing] PASSED   [ 10%]
tests/test_golden.py::test_golden_genetable[c01_guillemin_core] PASSED   [ 10%]
tests/test_golden.py::test_golden_genetable[c02_t0fixed] PASSED          [ 11%]
tests/test_golden.py::test_golden_genetable[c03_lognorm] PASSED          [ 12%]
tests/test_golden.py::test_golden_genetable[c04_add0] PASSED             [ 13%]
tests/test_golden.py::test_golden_genetable[c05_fdr] PASSED              [ 13%]
tests/test_golden.py::test_golden_genetable[c06_nocorr] PASSED           [ 14%]
tests/test_golden.py::test_golden_genetable[c07_sameperiod] PASSED       [ 15%]
tests/test_golden.py::test_golden_genetable[c08_norepeat] PASSED         [ 15%]
tests/test_golden.py::test_golden_genetable[c09_synth6] PASSED           [ 16%]
tests/test_golden.py::test_golden_genetable[c10_synth6_allperms] PASSED  [ 17%]
tests/test_golden.py::test_golden_genetable[c11_synth10] PASSED          [ 17%]
tests/test_golden.py::test_golden_genetable[c12_percentile] PASSED       [ 18%]
tests/test_golden.py::test_golden_genetable[c13_synth10_missing] PASSED  [ 19%]
tests/test_golden.py::test_golden_genetable[c14_log_missing] PASSED      [ 19%]
tests/test_golden.py::test_golden_genetable_values[c01_guillemin_core] PASSED [ 20%]
tests/test_golden.py::test_golden_genetable_values[c02_t0fixed] PASSED   [ 21%]
tests/test_golden.py::test_golden_genetable_values[c03_lognorm] PASSED   [ 21%]
tests/test_golden.py::test_golden_genetable_values[c04_add0] PASSED      [ 22%]
tests/test_golden.py::test_golden_genetable_values[c05_fdr] PASSED       [ 23%]
tests/test_golden.py::test_golden_genetable_values[c06_nocorr] PASSED    [ 23%]
tests/test_golden.py::test_golden_genetable_values[c07_sameperiod] PASSED [ 24%]
tests/test_golden.py::test_golden_genetable_values[c08_norepeat] PASSED  [ 25%]
tests/test_golden.py::test_golden_genetable_values[c09_synth6] PASSED    [ 26%]
tests/test_golden.py::test_golden_genetable_values[c10_synth6_allperms] PASSED [ 26%]
tests/test_golden.py::test_golden_genetable_values[c11_synth10] PASSED   [ 27%]
tests/test_golden.py::test_golden_genetable_values[c12_percentile] PASSED [ 28%]
tests/test_golden.py::test_golden_genetable_values[c13_synth10_missing] PASSED [ 28%]
tests/test_golden.py::test_golden_genetable_values[c14_log_missing] PASSED [ 29%]
tests/test_golden_branches.py::test_synth10m_deterministic_pattern PASSED [ 30%]
tests/test_golden_branches.py::test_c13_missing_reaches_on_the_fly PASSED [ 30%]
tests/test_golden_branches.py::test_synth6d_deterministic_pattern PASSED [ 31%]
tests/test_golden_branches.py::test_c14_log_missing_reaches_universe_path PASSED [ 32%]
tests/test_golden_branches.py::test_c14_last_column_payload_preserved PASSED [ 32%]
tests/test_golden_branches.py::test_c13_last_column_payload_preserved PASSED [ 33%]
tests/test_integration_fixture.py::test_genetable_matches_java[c01_guillemin_core] PASSED [ 34%]
tests/test_integration_fixture.py::test_genetable_matches_java[c03_lognorm] PASSED [ 34%]
tests/test_integration_fixture.py::test_genetable_matches_java[c04_add0] PASSED [ 35%]
tests/test_integration_fixture.py::test_genetable_matches_java[c07_sameperiod] PASSED [ 36%]
tests/test_integration_fixture.py::test_genetable_matches_java[c08_norepeat] PASSED [ 36%]
tests/test_integration_fixture.py::test_java_double_formatter_semantics[2.675-2.67] PASSED [ 37%]
tests/test_integration_fixture.py::test_java_double_formatter_semantics[0.125-0.12] PASSED [ 38%]
tests/test_integration_fixture.py::test_java_double_formatter_semantics[0.135-0.14] PASSED [ 39%]
tests/test_integration_fixture.py::test_java_double_formatter_semantics[0.015-0.01] PASSED [ 39%]
tests/test_integration_fixture.py::test_java_double_formatter_semantics[999.995-1,000.00] PASSED [ 40%]
tests/test_integration_fixture.py::test_java_double_formatter_semantics[1234.567-1,234.57] PASSED [ 41%]
tests/test_integration_fixture.py::test_java_double_formatter_semantics[-0.001--0.00] PASSED [ 41%]
tests/test_integration_fixture.py::test_java_double_formatter_semantics[-0.0004--0.00] PASSED [ 42%]
tests/test_integration_fixture.py::test_java_double_formatter_semantics[-0.0--0.00] PASSED [ 43%]
tests/test_integration_fixture.py::test_java_double_formatter_semantics[0.0-0.00] PASSED [ 43%]
tests/test_integration_fixture.py::test_java_double_formatter_semantics[-2.675--2.67] PASSED [ 44%]
tests/test_integration_fixture.py::test_java_double_formatter_semantics[nan-\ufffd] PASSED [ 45%]
tests/test_result_schema.py::test_top_level_keys_and_constants PASSED    [ 45%]
tests/test_result_schema.py::test_gene_assignments_shape_and_c14_negative_infinity PASSED [ 46%]
tests/test_result_schema.py::test_encode_value_orthogonality_grid[nan-True-nan-None] PASSED [ 47%]
tests/test_result_schema.py::test_encode_value_orthogonality_grid[nan-False-nan-None] PASSED [ 47%]
tests/test_result_schema.py::test_encode_value_orthogonality_grid[inf-True-positive_infinity-None] PASSED [ 48%]
tests/test_result_schema.py::test_encode_value_orthogonality_grid[inf-False-positive_infinity-None] PASSED [ 49%]
tests/test_result_schema.py::test_encode_value_orthogonality_grid[-inf-True-negative_infinity-None] PASSED [ 50%]
tests/test_result_schema.py::test_encode_value_orthogonality_grid[-inf-False-negative_infinity-None0] PASSED [ 50%]
tests/test_result_schema.py::test_encode_value_orthogonality_grid[0.0-True-finite-0.0] PASSED [ 51%]
tests/test_result_schema.py::test_encode_value_orthogonality_grid[-0.5-True-finite--0.5] PASSED [ 52%]
tests/test_result_schema.py::test_encode_value_orthogonality_grid[0.948-False-missing-0.948] PASSED [ 52%]
tests/test_result_schema.py::test_encode_value_orthogonality_grid[-inf-False-negative_infinity-None1] PASSED [ 53%]
tests/test_result_schema.py::test_encode_value_truth_table_and_length_invariant PASSED [ 54%]
tests/test_result_schema.py::test_to_dict_is_strict_json PASSED          [ 54%]
tests/test_result_schema.py::test_to_dict_deterministic PASSED           [ 55%]
tests/test_result_schema.py::test_c14_s0003_profile_ids PASSED           [ 56%]
tests/test_result_schema.py::test_c14_input_time_points PASSED           [ 56%]
tests/test_result_schema.py::test_config_and_input_shapes PASSED         [ 57%]
tests/test_result_schema.py::test_clusters_and_filtered_genes_shapes PASSED [ 58%]
tests/test_result_schema.py::test_metadata_keys PASSED                   [ 58%]
tests/test_result_schema.py::test_toy_run_input_form_and_timing PASSED   [ 59%]
tests/test_rng.py::test_java_random_matches_golden_vectors[9873287] PASSED [ 60%]
tests/test_rng.py::test_java_random_matches_golden_vectors[3733246] PASSED [ 60%]
tests/test_rng.py::test_java_random_matches_golden_vectors[2211] PASSED  [ 61%]
tests/test_rng.py::test_java_random_matches_golden_vectors[42] PASSED    [ 62%]
tests/test_units.py::test_getmedian_odd_even_unsorted PASSED             [ 63%]
tests/test_units.py::test_correlation_hand_computed PASSED               [ 63%]
tests/test_units.py::test_merge_duplicates_median_probes_pma PASSED      [ 64%]
tests/test_units.py::test_merge_duplicates_all_missing_column_keeps_primary_value PASSED [ 65%]
tests/test_units.py::test_synthesized_gene_names_from_file PASSED        [ 65%]
tests/test_units.py::test_synthesized_gene_names_without_spot_column PASSED [ 66%]
tests/test_units.py::test_file_reader_quote_stripping_uppercase_and_duplicates PASSED [ 67%]
tests/test_units.py::test_dataframe_reader_contract PASSED               [ 67%]
tests/test_units.py::test_log_mode_nonpositive_marked_missing_at_read PASSED [ 68%]
tests/test_units.py::test_add0_synthetic_zero_column PASSED              [ 69%]
tests/test_units.py::test_log_ratio_t0_missing_cascades_both_modes PASSED [ 69%]
tests/test_units.py::test_log_ratio_modes_values PASSED                  [ 70%]
tests/test_units.py::test_filter_missing_rules PASSED                    [ 71%]
tests/test_units.py::test_filter_threshold_change_variant_boundary_passes PASSED [ 71%]
tests/test_units.py::test_filter_threshold_maxmin_variant_boundary_and_zero_init PASSED [ 72%]
tests/test_units.py::test_merge_repeats_different_periods_median_order PASSED [ 73%]
tests/test_units.py::test_merge_repeats_same_period_raw_median_before_normalize PASSED [ 73%]
tests/test_units.py::test_merge_repeats_no_repeats_passthrough_different_periods PASSED [ 74%]
tests/test_units.py::test_merge_repeats_no_repeats_passthrough_same_period PASSED [ 75%]
tests/test_units.py::test_merge_repeats_no_repeats_leaves_main_unmutated PASSED [ 76%]
tests/test_units.py::test_merge_repeats_rejects_unknown_mode_even_without_repeats PASSED [ 76%]
tests/test_units.py::test_repeat_correlation_filter_mask_and_sort PASSED [ 77%]
tests/test_units.py::test_repeat_correlation_two_repeats_pair_count PASSED [ 78%]
tests/test_units.py::test_build_stem_dataset_same_period_end_to_end PASSED [ 78%]
tests/test_units.py::test_build_stem_dataset_different_periods_end_to_end PASSED [ 79%]
tests/test_units.py::test_build_stem_dataset_filters_and_reasons PASSED  [ 80%]
tests/test_units.py::test_build_stem_dataset_missing_filter_reason PASSED [ 80%]
tests/test_units.py::test_build_stem_dataset_requires_two_time_points PASSED [ 81%]
tests/test_units.py::test_build_stem_dataset_all_filtered_raises PASSED  [ 82%]
tests/test_units.py::test_build_stem_dataset_repeat_misaligned_raises PASSED [ 82%]
tests/test_units.py::test_config_from_c01_defaults_file PASSED           [ 83%]
tests/test_units.py::test_java_random_seed_zero_doubles PASSED           [ 84%]
tests/test_units.py::test_java_random_power_of_two_bound PASSED          [ 84%]
tests/test_units.py::test_java_random_rejection_overflow_path PASSED     [ 85%]
tests/test_units.py::test_java_random_signed_next32_and_invalid_bound PASSED [ 86%]
tests/test_units_m2.py::test_statutil_binomialtail_golden_vectors PASSED [ 86%]
tests/test_units_m2.py::test_binomialtail_boundary_semantics PASSED      [ 87%]
tests/test_units_m2.py::test_enumerate_candidates_count_and_order PASSED [ 88%]
tests/test_units_m2.py::test_compact_seed_is_monotone_profile PASSED     [ 89%]
tests/test_units_m2.py::test_compact_bulk_and_scalar_agree PASSED        [ 89%]
tests/test_units_m2.py::test_sample_candidates PASSED                    [ 90%]
tests/test_units_m2.py::test_best_assignments_ties_keep_all_and_flat_gene_all_profiles PASSED [ 91%]
tests/test_units_m2.py::test_engine_tally_weights_and_result PASSED      [ 91%]
tests/test_units_m2.py::test_engine_metadata_and_to_dict PASSED          [ 92%]
tests/test_units_m2.py::test_engine_kmeans_not_implemented PASSED        [ 93%]
tests/test_units_m2.py::test_all_permutations_order_and_fix_t0 PASSED    [ 93%]
tests/test_units_m2.py::test_expected_counts_meta_modes PASSED           [ 94%]
tests/test_units_m2.py::test_correct_fdr_walk_and_crash PASSED           [ 95%]
tests/test_units_m2.py::test_correct_non_fdr_strict_and_count_rule PASSED [ 95%]
tests/test_units_m2.py::test_cluster_member_rule_is_ge_threshold PASSED  [ 96%]
tests/test_units_m2.py::test_cluster_neighbor_rule_is_strict_gt_and_center_dist_quirk PASSED [ 97%]
tests/test_units_m2.py::test_java_double_to_string PASSED                [ 97%]
tests/test_units_m2.py::test_double_to_sz PASSED                         [ 98%]
tests/test_units_m2.py::test_config_defaults_file_m2_keys PASSED         [ 99%]
tests/test_units_m2.py::test_engine_validates_profile_params PASSED      [100%]

======================= 146 passed in 98.75s (0:01:38) ========================
